<?xml version="1.0" encoding="UTF-8"?>
<!-- Generated by org.testng.reporters.JUnitXMLReporter -->
<testsuite ignored="3" hostname="ARS-NBT-LAP-517" failures="0" tests="11" name="Default test" time="0.136" errors="0" timestamp="10 Jun 2022 12:04:15 GMT">
  <testcase classname="com.ts.testcases.BaseClass" name="@BeforeTest setup" time="0.0">
    <failure type="org.testng.TestNGException" message="
Parameter &amp;apos;browser&amp;apos; is required by BeforeTest on method setup but has not been marked @Optional or defined
in /tmp/testng-eclipse--1043853797/testng-customsuite.xml">
      <![CDATA[org.testng.TestNGException: 
Parameter 'browser' is required by BeforeTest on method setup but has not been marked @Optional or defined
in /tmp/testng-eclipse--1043853797/testng-customsuite.xml
at org.testng.internal.Parameters.createParams(Parameters.java:290)
at org.testng.internal.Parameters.createParametersForMethod(Parameters.java:359)
at org.testng.internal.Parameters.createParameters(Parameters.java:620)
at org.testng.internal.Parameters.createConfigurationParameters(Parameters.java:190)
at org.testng.internal.Invoker.invokeConfigurations(Invoker.java:209)
at org.testng.internal.Invoker.invokeConfigurations(Invoker.java:142)
at org.testng.TestRunner.beforeRun(TestRunner.java:529)
at org.testng.TestRunner.run(TestRunner.java:497)
at org.testng.SuiteRunner.runTest(SuiteRunner.java:455)
at org.testng.SuiteRunner.runSequentially(SuiteRunner.java:450)
at org.testng.SuiteRunner.privateRun(SuiteRunner.java:415)
at org.testng.SuiteRunner.run(SuiteRunner.java:364)
at org.testng.SuiteRunnerWorker.runSuite(SuiteRunnerWorker.java:52)
at org.testng.SuiteRunnerWorker.run(SuiteRunnerWorker.java:84)
at org.testng.TestNG.runSuitesSequentially(TestNG.java:1208)
at org.testng.TestNG.runSuitesLocally(TestNG.java:1137)
at org.testng.TestNG.runSuites(TestNG.java:1049)
at org.testng.TestNG.run(TestNG.java:1017)
at org.testng.remote.AbstractRemoteTestNG.run(AbstractRemoteTestNG.java:115)
at org.testng.remote.RemoteTestNG.initAndRun(RemoteTestNG.java:251)
at org.testng.remote.RemoteTestNG.main(RemoteTestNG.java:77)
]]>
    </failure>
  </testcase> <!-- @BeforeTest setup -->
  <testcase classname="com.ts.testcases.BaseClass" name="@AfterTest tearDown" time="0.0">
    <skipped/>
  </testcase> <!-- @AfterTest tearDown -->
  <testcase classname="com.ts.testcases.TC_Others" name="AdvNameAddressMatch" time="0.0">
    <skipped/>
  </testcase> <!-- AdvNameAddressMatch -->
  <testcase classname="com.ts.testcases.TC_Others" name="AdvanceEMailVerification" time="0.0">
    <skipped/>
  </testcase> <!-- AdvanceEMailVerification -->
  <testcase classname="com.ts.testcases.TC_Others" name="Court_CheckVerification" time="0.0">
    <skipped/>
  </testcase> <!-- Court_CheckVerification -->
  <testcase classname="com.ts.testcases.TC_Others" name="DocumentClassification" time="0.0">
    <skipped/>
  </testcase> <!-- DocumentClassification -->
  <testcase classname="com.ts.testcases.TC_Others" name="EMail" time="0.0">
    <skipped/>
  </testcase> <!-- EMail -->
  <testcase classname="com.ts.testcases.TC_Others" name="Email_PhoneVerification" time="0.0">
    <skipped/>
  </testcase> <!-- Email_PhoneVerification -->
  <testcase classname="com.ts.testcases.TC_Others" name="FaceMatch" time="0.0">
    <skipped/>
  </testcase> <!-- FaceMatch -->
  <testcase classname="com.ts.testcases.TC_Others" name="LivenessVerification" time="0.0">
    <skipped/>
  </testcase> <!-- LivenessVerification -->
  <testcase classname="com.ts.testcases.TC_Others" name="NameMatch" time="0.0">
    <skipped/>
  </testcase> <!-- NameMatch -->
  <testcase classname="com.ts.testcases.TC_Others" name="basicEmailVerification" time="0.0">
    <skipped/>
  </testcase> <!-- basicEmailVerification -->
  <testcase classname="com.ts.testcases.TC_Others" name="cowinLinkGeneration" time="0.0">
    <skipped/>
  </testcase> <!-- cowinLinkGeneration -->
  <testcase classname="com.ts.testcases.TC_Others" name="PEPverification" time="0.0">
    <ignored/>
  </testcase> <!-- PEPverification -->
  <testcase classname="com.ts.testcases.TC_Others" name="EmployementCheckEPFOverification" time="0.0">
    <ignored/>
  </testcase> <!-- EmployementCheckEPFOverification -->
  <testcase classname="com.ts.testcases.TC_Others" name="ComprehensiveEmailverification" time="0.0">
    <ignored/>
  </testcase> <!-- ComprehensiveEmailverification -->
</testsuite> <!-- Default test -->
