<?xml version="1.0" encoding="UTF-8"?>
<!-- Generated by org.testng.reporters.JUnitXMLReporter -->
<testsuite ignored="70" hostname="ARS-NBT-LAP-517" failures="5" tests="5" name="Test(failed)" time="17.221" errors="0" timestamp="13 Jun 2022 06:27:45 GMT">
  <testcase classname="com.ts.testcases.TC_Business" name="IECVerification" time="13.8">
    <failure type="org.openqa.selenium.WebDriverException" message="chrome not reachable
  (Session info: chrome=101.0.4951.64)
Build info: version: &amp;apos;3.141.59&amp;apos;, revision: &amp;apos;e82be7d358&amp;apos;, time: &amp;apos;2018-11-14T08:17:03&amp;apos;
System info: host: &amp;apos;ARS-NBT-LAP-517&amp;apos;, ip: &amp;apos;127.0.1.1&amp;apos;, os.name: &amp;apos;Linux&amp;apos;, os.arch: &amp;apos;amd64&amp;apos;, os.version: &amp;apos;5.13.0-48-generic&amp;apos;, java.version: &amp;apos;11.0.15&amp;apos;
Driver info: org.openqa.selenium.chrome.ChromeDriver
Capabilities {acceptInsecureCerts: false, browserName: chrome, browserVersion: 101.0.4951.64, chrome: {chromedriverVersion: 101.0.4951.41 (93c720db8323..., userDataDir: /tmp/.com.google.Chrome.Q4IfKv}, goog:chromeOptions: {debuggerAddress: localhost:42445}, javascriptEnabled: true, networkConnectionEnabled: false, pageLoadStrategy: normal, platform: LINUX, platformName: LINUX, proxy: Proxy(), setWindowRect: true, strictFileInteractability: false, timeouts: {implicit: 0, pageLoad: 300000, script: 30000}, unhandledPromptBehavior: dismiss and notify, webauthn:extension:credBlob: true, webauthn:extension:largeBlob: true, webauthn:virtualAuthenticators: true}
Session ID: db8ce577cf5e7fa4cddfb3859fdd5328
*** Element info: {Using=xpath, value=html/body/div[1]/div[2]/div/div[2]/div[1]/div/ul/li[3]/div[2]/div/div[2]/a}">
      <![CDATA[org.openqa.selenium.WebDriverException: chrome not reachable
  (Session info: chrome=101.0.4951.64)
Build info: version: '3.141.59', revision: 'e82be7d358', time: '2018-11-14T08:17:03'
System info: host: 'ARS-NBT-LAP-517', ip: '127.0.1.1', os.name: 'Linux', os.arch: 'amd64', os.version: '5.13.0-48-generic', java.version: '11.0.15'
Driver info: org.openqa.selenium.chrome.ChromeDriver
Capabilities {acceptInsecureCerts: false, browserName: chrome, browserVersion: 101.0.4951.64, chrome: {chromedriverVersion: 101.0.4951.41 (93c720db8323..., userDataDir: /tmp/.com.google.Chrome.Q4IfKv}, goog:chromeOptions: {debuggerAddress: localhost:42445}, javascriptEnabled: true, networkConnectionEnabled: false, pageLoadStrategy: normal, platform: LINUX, platformName: LINUX, proxy: Proxy(), setWindowRect: true, strictFileInteractability: false, timeouts: {implicit: 0, pageLoad: 300000, script: 30000}, unhandledPromptBehavior: dismiss and notify, webauthn:extension:credBlob: true, webauthn:extension:largeBlob: true, webauthn:virtualAuthenticators: true}
Session ID: db8ce577cf5e7fa4cddfb3859fdd5328
*** Element info: {Using=xpath, value=html/body/div[1]/div[2]/div/div[2]/div[1]/div/ul/li[3]/div[2]/div/div[2]/a}
at org.openqa.selenium.remote.http.W3CHttpResponseCodec.createException(W3CHttpResponseCodec.java:187)
at org.openqa.selenium.remote.http.W3CHttpResponseCodec.decode(W3CHttpResponseCodec.java:122)
at org.openqa.selenium.remote.http.W3CHttpResponseCodec.decode(W3CHttpResponseCodec.java:49)
at org.openqa.selenium.remote.HttpCommandExecutor.execute(HttpCommandExecutor.java:158)
at org.openqa.selenium.remote.service.DriverCommandExecutor.execute(DriverCommandExecutor.java:83)
at org.openqa.selenium.remote.RemoteWebDriver.execute(RemoteWebDriver.java:552)
at org.openqa.selenium.remote.RemoteWebDriver.findElement(RemoteWebDriver.java:323)
at org.openqa.selenium.remote.RemoteWebDriver.findElementByXPath(RemoteWebDriver.java:428)
at org.openqa.selenium.By$ByXPath.findElement(By.java:353)
at org.openqa.selenium.remote.RemoteWebDriver.findElement(RemoteWebDriver.java:315)
at org.openqa.selenium.support.pagefactory.DefaultElementLocator.findElement(DefaultElementLocator.java:69)
at org.openqa.selenium.support.pagefactory.internal.LocatingElementHandler.invoke(LocatingElementHandler.java:38)
at com.sun.proxy.$Proxy15.isDisplayed(Unknown Source)
at org.openqa.selenium.support.ui.ExpectedConditions.elementIfVisible(ExpectedConditions.java:314)
at org.openqa.selenium.support.ui.ExpectedConditions.access$000(ExpectedConditions.java:43)
at org.openqa.selenium.support.ui.ExpectedConditions$10.apply(ExpectedConditions.java:300)
at org.openqa.selenium.support.ui.ExpectedConditions$10.apply(ExpectedConditions.java:297)
at org.openqa.selenium.support.ui.FluentWait.until(FluentWait.java:249)
at com.ts.pageobject.Business.getIECVerificationSearchCount(Business.java:737)
at com.ts.testcases.TC_Business.IECVerification(TC_Business.java:407)
... Removed 29 stack frames]]>
    </failure>
  </testcase> <!-- IECVerification -->
  <testcase classname="com.ts.testcases.TC_Business" name="EsicemployerVerification" time="0.017">
    <failure type="org.openqa.selenium.WebDriverException" message="chrome not reachable
  (Session info: chrome=101.0.4951.64)
Build info: version: &amp;apos;3.141.59&amp;apos;, revision: &amp;apos;e82be7d358&amp;apos;, time: &amp;apos;2018-11-14T08:17:03&amp;apos;
System info: host: &amp;apos;ARS-NBT-LAP-517&amp;apos;, ip: &amp;apos;127.0.1.1&amp;apos;, os.name: &amp;apos;Linux&amp;apos;, os.arch: &amp;apos;amd64&amp;apos;, os.version: &amp;apos;5.13.0-48-generic&amp;apos;, java.version: &amp;apos;11.0.15&amp;apos;
Driver info: org.openqa.selenium.chrome.ChromeDriver
Capabilities {acceptInsecureCerts: false, browserName: chrome, browserVersion: 101.0.4951.64, chrome: {chromedriverVersion: 101.0.4951.41 (93c720db8323..., userDataDir: /tmp/.com.google.Chrome.Q4IfKv}, goog:chromeOptions: {debuggerAddress: localhost:42445}, javascriptEnabled: true, networkConnectionEnabled: false, pageLoadStrategy: normal, platform: LINUX, platformName: LINUX, proxy: Proxy(), setWindowRect: true, strictFileInteractability: false, timeouts: {implicit: 0, pageLoad: 300000, script: 30000}, unhandledPromptBehavior: dismiss and notify, webauthn:extension:credBlob: true, webauthn:extension:largeBlob: true, webauthn:virtualAuthenticators: true}
Session ID: db8ce577cf5e7fa4cddfb3859fdd5328">
      <![CDATA[org.openqa.selenium.WebDriverException: chrome not reachable
  (Session info: chrome=101.0.4951.64)
Build info: version: '3.141.59', revision: 'e82be7d358', time: '2018-11-14T08:17:03'
System info: host: 'ARS-NBT-LAP-517', ip: '127.0.1.1', os.name: 'Linux', os.arch: 'amd64', os.version: '5.13.0-48-generic', java.version: '11.0.15'
Driver info: org.openqa.selenium.chrome.ChromeDriver
Capabilities {acceptInsecureCerts: false, browserName: chrome, browserVersion: 101.0.4951.64, chrome: {chromedriverVersion: 101.0.4951.41 (93c720db8323..., userDataDir: /tmp/.com.google.Chrome.Q4IfKv}, goog:chromeOptions: {debuggerAddress: localhost:42445}, javascriptEnabled: true, networkConnectionEnabled: false, pageLoadStrategy: normal, platform: LINUX, platformName: LINUX, proxy: Proxy(), setWindowRect: true, strictFileInteractability: false, timeouts: {implicit: 0, pageLoad: 300000, script: 30000}, unhandledPromptBehavior: dismiss and notify, webauthn:extension:credBlob: true, webauthn:extension:largeBlob: true, webauthn:virtualAuthenticators: true}
Session ID: db8ce577cf5e7fa4cddfb3859fdd5328
at org.openqa.selenium.remote.http.W3CHttpResponseCodec.createException(W3CHttpResponseCodec.java:187)
at org.openqa.selenium.remote.http.W3CHttpResponseCodec.decode(W3CHttpResponseCodec.java:122)
at org.openqa.selenium.remote.http.W3CHttpResponseCodec.decode(W3CHttpResponseCodec.java:49)
at org.openqa.selenium.remote.HttpCommandExecutor.execute(HttpCommandExecutor.java:158)
at org.openqa.selenium.remote.service.DriverCommandExecutor.execute(DriverCommandExecutor.java:83)
at org.openqa.selenium.remote.RemoteWebDriver.execute(RemoteWebDriver.java:552)
at org.openqa.selenium.remote.RemoteWebDriver.get(RemoteWebDriver.java:277)
at com.ts.pageobject.Business.getEsicEmployerVerificationSearchCount(Business.java:985)
at com.ts.testcases.TC_Business.EsicemployerVerification(TC_Business.java:686)
... Removed 29 stack frames]]>
    </failure>
  </testcase> <!-- EsicemployerVerification -->
  <testcase classname="com.ts.testcases.TC_NID" name="pannamedob" time="0.012">
    <failure type="org.openqa.selenium.WebDriverException" message="chrome not reachable
  (Session info: chrome=101.0.4951.64)
Build info: version: &amp;apos;3.141.59&amp;apos;, revision: &amp;apos;e82be7d358&amp;apos;, time: &amp;apos;2018-11-14T08:17:03&amp;apos;
System info: host: &amp;apos;ARS-NBT-LAP-517&amp;apos;, ip: &amp;apos;127.0.1.1&amp;apos;, os.name: &amp;apos;Linux&amp;apos;, os.arch: &amp;apos;amd64&amp;apos;, os.version: &amp;apos;5.13.0-48-generic&amp;apos;, java.version: &amp;apos;11.0.15&amp;apos;
Driver info: org.openqa.selenium.chrome.ChromeDriver
Capabilities {acceptInsecureCerts: false, browserName: chrome, browserVersion: 101.0.4951.64, chrome: {chromedriverVersion: 101.0.4951.41 (93c720db8323..., userDataDir: /tmp/.com.google.Chrome.Q4IfKv}, goog:chromeOptions: {debuggerAddress: localhost:42445}, javascriptEnabled: true, networkConnectionEnabled: false, pageLoadStrategy: normal, platform: LINUX, platformName: LINUX, proxy: Proxy(), setWindowRect: true, strictFileInteractability: false, timeouts: {implicit: 0, pageLoad: 300000, script: 30000}, unhandledPromptBehavior: dismiss and notify, webauthn:extension:credBlob: true, webauthn:extension:largeBlob: true, webauthn:virtualAuthenticators: true}
Session ID: db8ce577cf5e7fa4cddfb3859fdd5328">
      <![CDATA[org.openqa.selenium.WebDriverException: chrome not reachable
  (Session info: chrome=101.0.4951.64)
Build info: version: '3.141.59', revision: 'e82be7d358', time: '2018-11-14T08:17:03'
System info: host: 'ARS-NBT-LAP-517', ip: '127.0.1.1', os.name: 'Linux', os.arch: 'amd64', os.version: '5.13.0-48-generic', java.version: '11.0.15'
Driver info: org.openqa.selenium.chrome.ChromeDriver
Capabilities {acceptInsecureCerts: false, browserName: chrome, browserVersion: 101.0.4951.64, chrome: {chromedriverVersion: 101.0.4951.41 (93c720db8323..., userDataDir: /tmp/.com.google.Chrome.Q4IfKv}, goog:chromeOptions: {debuggerAddress: localhost:42445}, javascriptEnabled: true, networkConnectionEnabled: false, pageLoadStrategy: normal, platform: LINUX, platformName: LINUX, proxy: Proxy(), setWindowRect: true, strictFileInteractability: false, timeouts: {implicit: 0, pageLoad: 300000, script: 30000}, unhandledPromptBehavior: dismiss and notify, webauthn:extension:credBlob: true, webauthn:extension:largeBlob: true, webauthn:virtualAuthenticators: true}
Session ID: db8ce577cf5e7fa4cddfb3859fdd5328
at org.openqa.selenium.remote.http.W3CHttpResponseCodec.createException(W3CHttpResponseCodec.java:187)
at org.openqa.selenium.remote.http.W3CHttpResponseCodec.decode(W3CHttpResponseCodec.java:122)
at org.openqa.selenium.remote.http.W3CHttpResponseCodec.decode(W3CHttpResponseCodec.java:49)
at org.openqa.selenium.remote.HttpCommandExecutor.execute(HttpCommandExecutor.java:158)
at org.openqa.selenium.remote.service.DriverCommandExecutor.execute(DriverCommandExecutor.java:83)
at org.openqa.selenium.remote.RemoteWebDriver.execute(RemoteWebDriver.java:552)
at org.openqa.selenium.remote.RemoteWebDriver.get(RemoteWebDriver.java:277)
at com.ts.pageobject.NID.getPanNameDOBSearchCount(NID.java:639)
at com.ts.testcases.TC_NID.pannamedob(TC_NID.java:305)
... Removed 29 stack frames]]>
    </failure>
  </testcase> <!-- pannamedob -->
  <testcase classname="com.ts.testcases.TC_Others" name="cowinLinkGeneration" time="0.021">
    <failure type="org.openqa.selenium.WebDriverException" message="chrome not reachable
  (Session info: chrome=101.0.4951.64)
Build info: version: &amp;apos;3.141.59&amp;apos;, revision: &amp;apos;e82be7d358&amp;apos;, time: &amp;apos;2018-11-14T08:17:03&amp;apos;
System info: host: &amp;apos;ARS-NBT-LAP-517&amp;apos;, ip: &amp;apos;127.0.1.1&amp;apos;, os.name: &amp;apos;Linux&amp;apos;, os.arch: &amp;apos;amd64&amp;apos;, os.version: &amp;apos;5.13.0-48-generic&amp;apos;, java.version: &amp;apos;11.0.15&amp;apos;
Driver info: org.openqa.selenium.chrome.ChromeDriver
Capabilities {acceptInsecureCerts: false, browserName: chrome, browserVersion: 101.0.4951.64, chrome: {chromedriverVersion: 101.0.4951.41 (93c720db8323..., userDataDir: /tmp/.com.google.Chrome.Q4IfKv}, goog:chromeOptions: {debuggerAddress: localhost:42445}, javascriptEnabled: true, networkConnectionEnabled: false, pageLoadStrategy: normal, platform: LINUX, platformName: LINUX, proxy: Proxy(), setWindowRect: true, strictFileInteractability: false, timeouts: {implicit: 0, pageLoad: 300000, script: 30000}, unhandledPromptBehavior: dismiss and notify, webauthn:extension:credBlob: true, webauthn:extension:largeBlob: true, webauthn:virtualAuthenticators: true}
Session ID: db8ce577cf5e7fa4cddfb3859fdd5328">
      <![CDATA[org.openqa.selenium.WebDriverException: chrome not reachable
  (Session info: chrome=101.0.4951.64)
Build info: version: '3.141.59', revision: 'e82be7d358', time: '2018-11-14T08:17:03'
System info: host: 'ARS-NBT-LAP-517', ip: '127.0.1.1', os.name: 'Linux', os.arch: 'amd64', os.version: '5.13.0-48-generic', java.version: '11.0.15'
Driver info: org.openqa.selenium.chrome.ChromeDriver
Capabilities {acceptInsecureCerts: false, browserName: chrome, browserVersion: 101.0.4951.64, chrome: {chromedriverVersion: 101.0.4951.41 (93c720db8323..., userDataDir: /tmp/.com.google.Chrome.Q4IfKv}, goog:chromeOptions: {debuggerAddress: localhost:42445}, javascriptEnabled: true, networkConnectionEnabled: false, pageLoadStrategy: normal, platform: LINUX, platformName: LINUX, proxy: Proxy(), setWindowRect: true, strictFileInteractability: false, timeouts: {implicit: 0, pageLoad: 300000, script: 30000}, unhandledPromptBehavior: dismiss and notify, webauthn:extension:credBlob: true, webauthn:extension:largeBlob: true, webauthn:virtualAuthenticators: true}
Session ID: db8ce577cf5e7fa4cddfb3859fdd5328
at org.openqa.selenium.remote.http.W3CHttpResponseCodec.createException(W3CHttpResponseCodec.java:187)
at org.openqa.selenium.remote.http.W3CHttpResponseCodec.decode(W3CHttpResponseCodec.java:122)
at org.openqa.selenium.remote.http.W3CHttpResponseCodec.decode(W3CHttpResponseCodec.java:49)
at org.openqa.selenium.remote.HttpCommandExecutor.execute(HttpCommandExecutor.java:158)
at org.openqa.selenium.remote.service.DriverCommandExecutor.execute(DriverCommandExecutor.java:83)
at org.openqa.selenium.remote.RemoteWebDriver.execute(RemoteWebDriver.java:552)
at org.openqa.selenium.remote.RemoteWebDriver.get(RemoteWebDriver.java:277)
at com.ts.pageobject.Others.cowinLinkGenerationSearchCount(Others.java:560)
at com.ts.testcases.TC_Others.cowinLinkGeneration(TC_Others.java:359)
... Removed 29 stack frames]]>
    </failure>
  </testcase> <!-- cowinLinkGeneration -->
  <testcase classname="com.ts.testcases.TC_Employment" name="Form16_Verification" time="0.021">
    <failure type="org.openqa.selenium.WebDriverException" message="chrome not reachable
  (Session info: chrome=101.0.4951.64)
Build info: version: &amp;apos;3.141.59&amp;apos;, revision: &amp;apos;e82be7d358&amp;apos;, time: &amp;apos;2018-11-14T08:17:03&amp;apos;
System info: host: &amp;apos;ARS-NBT-LAP-517&amp;apos;, ip: &amp;apos;127.0.1.1&amp;apos;, os.name: &amp;apos;Linux&amp;apos;, os.arch: &amp;apos;amd64&amp;apos;, os.version: &amp;apos;5.13.0-48-generic&amp;apos;, java.version: &amp;apos;11.0.15&amp;apos;
Driver info: org.openqa.selenium.chrome.ChromeDriver
Capabilities {acceptInsecureCerts: false, browserName: chrome, browserVersion: 101.0.4951.64, chrome: {chromedriverVersion: 101.0.4951.41 (93c720db8323..., userDataDir: /tmp/.com.google.Chrome.Q4IfKv}, goog:chromeOptions: {debuggerAddress: localhost:42445}, javascriptEnabled: true, networkConnectionEnabled: false, pageLoadStrategy: normal, platform: LINUX, platformName: LINUX, proxy: Proxy(), setWindowRect: true, strictFileInteractability: false, timeouts: {implicit: 0, pageLoad: 300000, script: 30000}, unhandledPromptBehavior: dismiss and notify, webauthn:extension:credBlob: true, webauthn:extension:largeBlob: true, webauthn:virtualAuthenticators: true}
Session ID: db8ce577cf5e7fa4cddfb3859fdd5328">
      <![CDATA[org.openqa.selenium.WebDriverException: chrome not reachable
  (Session info: chrome=101.0.4951.64)
Build info: version: '3.141.59', revision: 'e82be7d358', time: '2018-11-14T08:17:03'
System info: host: 'ARS-NBT-LAP-517', ip: '127.0.1.1', os.name: 'Linux', os.arch: 'amd64', os.version: '5.13.0-48-generic', java.version: '11.0.15'
Driver info: org.openqa.selenium.chrome.ChromeDriver
Capabilities {acceptInsecureCerts: false, browserName: chrome, browserVersion: 101.0.4951.64, chrome: {chromedriverVersion: 101.0.4951.41 (93c720db8323..., userDataDir: /tmp/.com.google.Chrome.Q4IfKv}, goog:chromeOptions: {debuggerAddress: localhost:42445}, javascriptEnabled: true, networkConnectionEnabled: false, pageLoadStrategy: normal, platform: LINUX, platformName: LINUX, proxy: Proxy(), setWindowRect: true, strictFileInteractability: false, timeouts: {implicit: 0, pageLoad: 300000, script: 30000}, unhandledPromptBehavior: dismiss and notify, webauthn:extension:credBlob: true, webauthn:extension:largeBlob: true, webauthn:virtualAuthenticators: true}
Session ID: db8ce577cf5e7fa4cddfb3859fdd5328
at org.openqa.selenium.remote.http.W3CHttpResponseCodec.createException(W3CHttpResponseCodec.java:187)
at org.openqa.selenium.remote.http.W3CHttpResponseCodec.decode(W3CHttpResponseCodec.java:122)
at org.openqa.selenium.remote.http.W3CHttpResponseCodec.decode(W3CHttpResponseCodec.java:49)
at org.openqa.selenium.remote.HttpCommandExecutor.execute(HttpCommandExecutor.java:158)
at org.openqa.selenium.remote.service.DriverCommandExecutor.execute(DriverCommandExecutor.java:83)
at org.openqa.selenium.remote.RemoteWebDriver.execute(RemoteWebDriver.java:552)
at org.openqa.selenium.remote.RemoteWebDriver.get(RemoteWebDriver.java:277)
at com.ts.pageobject.Employment.getForm16VerificationSearchCount(Employment.java:377)
at com.ts.testcases.TC_Employment.Form16_Verification(TC_Employment.java:99)
... Removed 29 stack frames]]>
    </failure>
  </testcase> <!-- Form16_Verification -->
  <testcase classname="com.ts.testcases.TC_Employment" name="EpfoEmployerSearchVerification" time="0.0">
    <ignored/>
  </testcase> <!-- EpfoEmployerSearchVerification -->
  <testcase classname="com.ts.testcases.TC_Employment" name="EmployerDefaultCheckVerification" time="0.0">
    <ignored/>
  </testcase> <!-- EmployerDefaultCheckVerification -->
  <testcase classname="com.ts.testcases.TC_Business" name="GSTIN_PANVerification" time="0.0">
    <ignored/>
  </testcase> <!-- GSTIN_PANVerification -->
  <testcase classname="com.ts.testcases.TC_Business" name="gstViewAndTrackReturnVerification" time="0.0">
    <ignored/>
  </testcase> <!-- gstViewAndTrackReturnVerification -->
  <testcase classname="com.ts.testcases.TC_Others" name="EMail" time="0.0">
    <ignored/>
  </testcase> <!-- EMail -->
  <testcase classname="com.ts.testcases.TC_Business" name="GSTINTaxPayerVerification" time="0.0">
    <ignored/>
  </testcase> <!-- GSTINTaxPayerVerification -->
  <testcase classname="com.ts.testcases.TC_NID" name="VoterIdverification" time="0.0">
    <ignored/>
  </testcase> <!-- VoterIdverification -->
  <testcase classname="com.ts.testcases.TC_Business" name="DINverification" time="0.0">
    <ignored/>
  </testcase> <!-- DINverification -->
  <testcase classname="com.ts.testcases.TC_Others" name="basicEmailVerification" time="0.0">
    <ignored/>
  </testcase> <!-- basicEmailVerification -->
  <testcase classname="com.ts.testcases.TC_Others" name="Email_PhoneVerification" time="0.0">
    <ignored/>
  </testcase> <!-- Email_PhoneVerification -->
  <testcase classname="com.ts.testcases.TC_Employment" name="basicUANVerification" time="0.0">
    <ignored/>
  </testcase> <!-- basicUANVerification -->
  <testcase classname="com.ts.testcases.TC_Business" name="CreditRatingVerification" time="0.0">
    <ignored/>
  </testcase> <!-- CreditRatingVerification -->
  <testcase classname="com.ts.testcases.TC_NID" name="DLVerification" time="0.0">
    <ignored/>
  </testcase> <!-- DLVerification -->
  <testcase classname="com.ts.testcases.TC_Employment" name="EpfoEmployeeVerification" time="0.0">
    <ignored/>
  </testcase> <!-- EpfoEmployeeVerification -->
  <testcase classname="com.ts.testcases.TC_Business" name="IndtypeVerification" time="0.0">
    <ignored/>
  </testcase> <!-- IndtypeVerification -->
  <testcase classname="com.ts.testcases.TC_Employment" name="epfoCheckVerification" time="0.0">
    <ignored/>
  </testcase> <!-- epfoCheckVerification -->
  <testcase classname="com.ts.testcases.TC_NID" name="Eaadharverification" time="0.0">
    <ignored/>
  </testcase> <!-- Eaadharverification -->
  <testcase classname="com.ts.testcases.TC_Others" name="PEPverification" time="0.0">
    <ignored/>
  </testcase> <!-- PEPverification -->
  <testcase classname="com.ts.testcases.TC_Business" name="GSTRreturnVerification" time="0.0">
    <ignored/>
  </testcase> <!-- GSTRreturnVerification -->
  <testcase classname="com.ts.testcases.TC_Business" name="TINVerification" time="0.0">
    <ignored/>
  </testcase> <!-- TINVerification -->
  <testcase classname="com.ts.testcases.TC_Business" name="ESICVerification" time="0.0">
    <ignored/>
  </testcase> <!-- ESICVerification -->
  <testcase classname="com.ts.testcases.TC_NID" name="PanNameVerification" time="0.0">
    <ignored/>
  </testcase> <!-- PanNameVerification -->
  <testcase classname="com.ts.testcases.TC_NID" name="AdhaarMasking" time="0.0">
    <ignored/>
  </testcase> <!-- AdhaarMasking -->
  <testcase classname="com.ts.testcases.TC_Others" name="AdvNameAddressMatch" time="0.0">
    <ignored/>
  </testcase> <!-- AdvNameAddressMatch -->
  <testcase classname="com.ts.testcases.TC_Business" name="UdyogAdharVerification" time="0.0">
    <ignored/>
  </testcase> <!-- UdyogAdharVerification -->
  <testcase classname="com.ts.testcases.TC_NID" name="ckycVerify" time="0.0">
    <ignored/>
  </testcase> <!-- ckycVerify -->
  <testcase classname="com.ts.testcases.TC_NID" name="AdvancePANVerification" time="0.0">
    <ignored/>
  </testcase> <!-- AdvancePANVerification -->
  <testcase classname="com.ts.testcases.TC_Employment" name="Itrstaus_Verification" time="0.0">
    <ignored/>
  </testcase> <!-- Itrstaus_Verification -->
  <testcase classname="com.ts.testcases.TC_Employment" name="BgvEmploymentCheckVerification" time="0.0">
    <ignored/>
  </testcase> <!-- BgvEmploymentCheckVerification -->
  <testcase classname="com.ts.testcases.TC_Business" name="UdyogAadhaarUsingPhoneVerification" time="0.0">
    <ignored/>
  </testcase> <!-- UdyogAadhaarUsingPhoneVerification -->
  <testcase classname="com.ts.testcases.TC_Employment" name="Salary_Verification" time="0.0">
    <ignored/>
  </testcase> <!-- Salary_Verification -->
  <testcase classname="com.ts.testcases.TC_NID" name="NurseVerification" time="0.0">
    <ignored/>
  </testcase> <!-- NurseVerification -->
  <testcase classname="com.ts.testcases.TC_Business" name="GSTPANVerification" time="0.0">
    <ignored/>
  </testcase> <!-- GSTPANVerification -->
  <testcase classname="com.ts.testcases.TC_Others" name="LivenessVerification" time="0.0">
    <ignored/>
  </testcase> <!-- LivenessVerification -->
  <testcase classname="com.ts.testcases.TC_Business" name="FssaiVerification" time="0.0">
    <ignored/>
  </testcase> <!-- FssaiVerification -->
  <testcase classname="com.ts.testcases.TC_Business" name="UdyamVerification" time="0.0">
    <ignored/>
  </testcase> <!-- UdyamVerification -->
  <testcase classname="com.ts.testcases.TC_Business" name="GSTBasisPANVerification" time="0.0">
    <ignored/>
  </testcase> <!-- GSTBasisPANVerification -->
  <testcase classname="com.ts.testcases.TC_Business" name="ComprehensiveGstAdvancedVerification" time="0.0">
    <ignored/>
  </testcase> <!-- ComprehensiveGstAdvancedVerification -->
  <testcase classname="com.ts.testcases.TC_Business" name="GSTINVerification" time="0.0">
    <ignored/>
  </testcase> <!-- GSTINVerification -->
  <testcase classname="com.ts.testcases.TC_Others" name="Court_CheckVerification" time="0.0">
    <ignored/>
  </testcase> <!-- Court_CheckVerification -->
  <testcase classname="com.ts.testcases.TC_NID" name="passportfile" time="0.0">
    <ignored/>
  </testcase> <!-- passportfile -->
  <testcase classname="com.ts.testcases.BaseClass" name="@AfterTest tearDown" time="0.0">
    <ignored/>
  </testcase> <!-- @AfterTest tearDown -->
  <testcase classname="com.ts.testcases.BaseClass" name="@AfterTest tearDown" time="0.0">
    <ignored/>
  </testcase> <!-- @AfterTest tearDown -->
  <testcase classname="com.ts.testcases.BaseClass" name="@AfterTest tearDown" time="0.0">
    <ignored/>
  </testcase> <!-- @AfterTest tearDown -->
  <testcase classname="com.ts.testcases.TC_NID" name="PassportVerification" time="0.0">
    <ignored/>
  </testcase> <!-- PassportVerification -->
  <testcase classname="com.ts.testcases.TC_NID" name="panaadhar" time="0.0">
    <ignored/>
  </testcase> <!-- panaadhar -->
  <testcase classname="com.ts.testcases.TC_Business" name="DruglicenseVerification" time="0.0">
    <ignored/>
  </testcase> <!-- DruglicenseVerification -->
  <testcase classname="com.ts.testcases.TC_Others" name="ComprehensiveEmailverification" time="0.0">
    <ignored/>
  </testcase> <!-- ComprehensiveEmailverification -->
  <testcase classname="com.ts.testcases.TC_Employment" name="ITRChallan_TANbased_Verification" time="0.0">
    <ignored/>
  </testcase> <!-- ITRChallan_TANbased_Verification -->
  <testcase classname="com.ts.testcases.TC_NID" name="AadharVerification" time="0.0">
    <ignored/>
  </testcase> <!-- AadharVerification -->
  <testcase classname="com.ts.testcases.TC_Business" name="StreetVendorVerification" time="0.0">
    <ignored/>
  </testcase> <!-- StreetVendorVerification -->
  <testcase classname="com.ts.testcases.TC_Others" name="NameMatch" time="0.0">
    <ignored/>
  </testcase> <!-- NameMatch -->
  <testcase classname="com.ts.testcases.TC_NID" name="EPFOEmployerAdvanceVerification" time="0.0">
    <ignored/>
  </testcase> <!-- EPFOEmployerAdvanceVerification -->
  <testcase classname="com.ts.testcases.BaseClass" name="@BeforeTest setup" time="0.0">
    <ignored/>
  </testcase> <!-- @BeforeTest setup -->
  <testcase classname="com.ts.testcases.BaseClass" name="@BeforeTest setup" time="0.0">
    <ignored/>
  </testcase> <!-- @BeforeTest setup -->
  <testcase classname="com.ts.testcases.BaseClass" name="@BeforeTest setup" time="0.0">
    <ignored/>
  </testcase> <!-- @BeforeTest setup -->
  <testcase classname="com.ts.testcases.TC_Business" name="ShopNEstablishementVerification" time="0.0">
    <ignored/>
  </testcase> <!-- ShopNEstablishementVerification -->
  <testcase classname="com.ts.testcases.TC_Business" name="CGSTVerification" time="0.0">
    <ignored/>
  </testcase> <!-- CGSTVerification -->
  <testcase classname="com.ts.testcases.TC_NID" name="PanITDVerification" time="0.0">
    <ignored/>
  </testcase> <!-- PanITDVerification -->
  <testcase classname="com.ts.testcases.TC_Business" name="CompanySearchVerification" time="0.0">
    <ignored/>
  </testcase> <!-- CompanySearchVerification -->
  <testcase classname="com.ts.testcases.TC_Business" name="ServiceTaxVerification" time="0.0">
    <ignored/>
  </testcase> <!-- ServiceTaxVerification -->
  <testcase classname="com.ts.testcases.TC_Employment" name="DualEmploymentCheckVerification" time="0.0">
    <ignored/>
  </testcase> <!-- DualEmploymentCheckVerification -->
  <testcase classname="com.ts.testcases.TC_Business" name="CINVerification" time="0.0">
    <ignored/>
  </testcase> <!-- CINVerification -->
  <testcase classname="com.ts.testcases.TC_Others" name="AdvanceEMailVerification" time="0.0">
    <ignored/>
  </testcase> <!-- AdvanceEMailVerification -->
  <testcase classname="com.ts.testcases.TC_NID" name="PANVerification" time="0.0">
    <ignored/>
  </testcase> <!-- PANVerification -->
  <testcase classname="com.ts.testcases.TC_Business" name="PanDirectorVerification" time="0.0">
    <ignored/>
  </testcase> <!-- PanDirectorVerification -->
  <testcase classname="com.ts.testcases.TC_Others" name="EmployementCheckEPFOverification" time="0.0">
    <ignored/>
  </testcase> <!-- EmployementCheckEPFOverification -->
  <testcase classname="com.ts.testcases.TC_Employment" name="PAN_TAN_Verification" time="0.0">
    <ignored/>
  </testcase> <!-- PAN_TAN_Verification -->
  <testcase classname="com.ts.testcases.TC_Others" name="DocumentClassification" time="0.0">
    <ignored/>
  </testcase> <!-- DocumentClassification -->
  <testcase classname="com.ts.testcases.TC_Others" name="FaceMatch" time="0.0">
    <ignored/>
  </testcase> <!-- FaceMatch -->
</testsuite> <!-- Test(failed) -->
