<!DOCTYPE html>

<html>
  <head>
  <meta charset='utf-8'>
  <title>TestNG reports</title>

    <link type="text/css" href="testng-reports.css" rel="stylesheet" />
    <script type="text/javascript" src="jquery-1.7.1.min.js"></script>
    <script type="text/javascript" src="testng-reports.js"></script>
    <script type="text/javascript" src="https://www.google.com/jsapi"></script>
    <script type='text/javascript'>
      google.load('visualization', '1', {packages:['table']});
      google.setOnLoadCallback(drawTable);
      var suiteTableInitFunctions = new Array();
      var suiteTableData = new Array();
    </script>
    <!--
      <script type="text/javascript" src="jquery-ui/js/jquery-ui-1.8.16.custom.min.js"></script>
     -->
  </head>

  <body>
    <div class="top-banner-root">
      <span class="top-banner-title-font">Test results</span>
      <br/>
      <span class="top-banner-font-1">1 suite, 5 failed tests</span>
    </div> <!-- top-banner-root -->
    <div class="navigator-root">
      <div class="navigator-suite-header">
        <span>All suites</span>
        <a href="#" title="Collapse/expand all the suites" class="collapse-all-link">
          <img src="collapseall.gif" class="collapse-all-icon">
          </img> <!-- collapse-all-icon -->
        </a> <!-- collapse-all-link -->
      </div> <!-- navigator-suite-header -->
      <div class="suite">
        <div class="rounded-window">
          <div class="suite-header light-rounded-window-top">
            <a href="#" panel-name="suite-Failed_suite_[Suite]" class="navigator-link">
              <span class="suite-name border-failed">Failed suite [Suite]</span>
            </a> <!-- navigator-link -->
          </div> <!-- suite-header light-rounded-window-top -->
          <div class="navigator-suite-content">
            <div class="suite-section-title">
              <span>Info</span>
            </div> <!-- suite-section-title -->
            <div class="suite-section-content">
              <ul>
                <li>
                  <a href="#" panel-name="test-xml-Failed_suite_[Suite]" class="navigator-link ">
                    <span>testng-failed.xml</span>
                  </a> <!-- navigator-link  -->
                </li>
                <li>
                  <a href="#" panel-name="testlist-Failed_suite_[Suite]" class="navigator-link ">
                    <span class="test-stats">1 test</span>
                  </a> <!-- navigator-link  -->
                </li>
                <li>
                  <a href="#" panel-name="group-Failed_suite_[Suite]" class="navigator-link ">
                    <span>0 groups</span>
                  </a> <!-- navigator-link  -->
                </li>
                <li>
                  <a href="#" panel-name="times-Failed_suite_[Suite]" class="navigator-link ">
                    <span>Times</span>
                  </a> <!-- navigator-link  -->
                </li>
                <li>
                  <a href="#" panel-name="reporter-Failed_suite_[Suite]" class="navigator-link ">
                    <span>Reporter output</span>
                  </a> <!-- navigator-link  -->
                </li>
                <li>
                  <a href="#" panel-name="ignored-methods-Failed_suite_[Suite]" class="navigator-link ">
                    <span>Ignored methods</span>
                  </a> <!-- navigator-link  -->
                </li>
                <li>
                  <a href="#" panel-name="chronological-Failed_suite_[Suite]" class="navigator-link ">
                    <span>Chronological view</span>
                  </a> <!-- navigator-link  -->
                </li>
              </ul>
            </div> <!-- suite-section-content -->
            <div class="result-section">
              <div class="suite-section-title">
                <span>Results</span>
              </div> <!-- suite-section-title -->
              <div class="suite-section-content">
                <ul>
                  <li>
                    <span class="method-stats">5 methods, 5 failed,   </span>
                  </li>
                  <li>
                    <span class="method-list-title failed">Failed methods</span>
                    <span class="show-or-hide-methods failed">
                      <a href="#" panel-name="suite-Failed_suite_[Suite]" class="hide-methods failed suite-Failed_suite_[Suite]"> (hide)</a> <!-- hide-methods failed suite-Failed_suite_[Suite] -->
                      <a href="#" panel-name="suite-Failed_suite_[Suite]" class="show-methods failed suite-Failed_suite_[Suite]"> (show)</a> <!-- show-methods failed suite-Failed_suite_[Suite] -->
                    </span>
                    <div class="method-list-content failed suite-Failed_suite_[Suite]">
                      <span>
                        <img src="failed.png" width="3%"/>
                        <a href="#" panel-name="suite-Failed_suite_[Suite]" title="com.ts.testcases.TC_Business" class="method navigator-link" hash-for-method="EsicemployerVerification">EsicemployerVerification</a> <!-- method navigator-link -->
                      </span>
                      <br/>
                      <span>
                        <img src="failed.png" width="3%"/>
                        <a href="#" panel-name="suite-Failed_suite_[Suite]" title="com.ts.testcases.TC_Employment" class="method navigator-link" hash-for-method="Form16_Verification">Form16_Verification</a> <!-- method navigator-link -->
                      </span>
                      <br/>
                      <span>
                        <img src="failed.png" width="3%"/>
                        <a href="#" panel-name="suite-Failed_suite_[Suite]" title="com.ts.testcases.TC_Business" class="method navigator-link" hash-for-method="IECVerification">IECVerification</a> <!-- method navigator-link -->
                      </span>
                      <br/>
                      <span>
                        <img src="failed.png" width="3%"/>
                        <a href="#" panel-name="suite-Failed_suite_[Suite]" title="com.ts.testcases.TC_Others" class="method navigator-link" hash-for-method="cowinLinkGeneration">cowinLinkGeneration</a> <!-- method navigator-link -->
                      </span>
                      <br/>
                      <span>
                        <img src="failed.png" width="3%"/>
                        <a href="#" panel-name="suite-Failed_suite_[Suite]" title="com.ts.testcases.TC_NID" class="method navigator-link" hash-for-method="pannamedob">pannamedob</a> <!-- method navigator-link -->
                      </span>
                      <br/>
                    </div> <!-- method-list-content failed suite-Failed_suite_[Suite] -->
                  </li>
                </ul>
              </div> <!-- suite-section-content -->
            </div> <!-- result-section -->
          </div> <!-- navigator-suite-content -->
        </div> <!-- rounded-window -->
      </div> <!-- suite -->
    </div> <!-- navigator-root -->
    <div class="wrapper">
      <div class="main-panel-root">
        <div panel-name="suite-Failed_suite_[Suite]" class="panel Failed_suite_[Suite]">
          <div class="suite-Failed_suite_[Suite]-class-failed">
            <div class="main-panel-header rounded-window-top">
              <img src="failed.png"/>
              <span class="class-name">com.ts.testcases.TC_Employment</span>
            </div> <!-- main-panel-header rounded-window-top -->
            <div class="main-panel-content rounded-window-bottom">
              <div class="method">
                <div class="method-content">
                  <a name="Form16_Verification">
                  </a> <!-- Form16_Verification -->
                  <span class="method-name">Form16_Verification</span>
                  <div class="stack-trace">org.openqa.selenium.WebDriverException: chrome not reachable
  (Session info: chrome=101.0.4951.64)
Build info: version: &apos;3.141.59&apos;, revision: &apos;e82be7d358&apos;, time: &apos;2018-11-14T08:17:03&apos;
System info: host: &apos;ARS-NBT-LAP-517&apos;, ip: &apos;127.0.1.1&apos;, os.name: &apos;Linux&apos;, os.arch: &apos;amd64&apos;, os.version: &apos;5.13.0-48-generic&apos;, java.version: &apos;11.0.15&apos;
Driver info: org.openqa.selenium.chrome.ChromeDriver
Capabilities {acceptInsecureCerts: false, browserName: chrome, browserVersion: 101.0.4951.64, chrome: {chromedriverVersion: 101.0.4951.41 (93c720db8323..., userDataDir: /tmp/.com.google.Chrome.Q4IfKv}, goog:chromeOptions: {debuggerAddress: localhost:42445}, javascriptEnabled: true, networkConnectionEnabled: false, pageLoadStrategy: normal, platform: LINUX, platformName: LINUX, proxy: Proxy(), setWindowRect: true, strictFileInteractability: false, timeouts: {implicit: 0, pageLoad: 300000, script: 30000}, unhandledPromptBehavior: dismiss and notify, webauthn:extension:credBlob: true, webauthn:extension:largeBlob: true, webauthn:virtualAuthenticators: true}
Session ID: db8ce577cf5e7fa4cddfb3859fdd5328
	at org.openqa.selenium.remote.http.W3CHttpResponseCodec.createException(W3CHttpResponseCodec.java:187)
	at org.openqa.selenium.remote.http.W3CHttpResponseCodec.decode(W3CHttpResponseCodec.java:122)
	at org.openqa.selenium.remote.http.W3CHttpResponseCodec.decode(W3CHttpResponseCodec.java:49)
	at org.openqa.selenium.remote.HttpCommandExecutor.execute(HttpCommandExecutor.java:158)
	at org.openqa.selenium.remote.service.DriverCommandExecutor.execute(DriverCommandExecutor.java:83)
	at org.openqa.selenium.remote.RemoteWebDriver.execute(RemoteWebDriver.java:552)
	at org.openqa.selenium.remote.RemoteWebDriver.get(RemoteWebDriver.java:277)
	at com.ts.pageobject.Employment.getForm16VerificationSearchCount(Employment.java:377)
	at com.ts.testcases.TC_Employment.Form16_Verification(TC_Employment.java:99)
... Removed 29 stack frames
</div> <!-- stack-trace -->
                </div> <!-- method-content -->
              </div> <!-- method -->
            </div> <!-- main-panel-content rounded-window-bottom -->
          </div> <!-- suite-Failed_suite_[Suite]-class-failed -->
          <div class="suite-Failed_suite_[Suite]-class-failed">
            <div class="main-panel-header rounded-window-top">
              <img src="failed.png"/>
              <span class="class-name">com.ts.testcases.TC_Others</span>
            </div> <!-- main-panel-header rounded-window-top -->
            <div class="main-panel-content rounded-window-bottom">
              <div class="method">
                <div class="method-content">
                  <a name="cowinLinkGeneration">
                  </a> <!-- cowinLinkGeneration -->
                  <span class="method-name">cowinLinkGeneration</span>
                  <div class="stack-trace">org.openqa.selenium.WebDriverException: chrome not reachable
  (Session info: chrome=101.0.4951.64)
Build info: version: &apos;3.141.59&apos;, revision: &apos;e82be7d358&apos;, time: &apos;2018-11-14T08:17:03&apos;
System info: host: &apos;ARS-NBT-LAP-517&apos;, ip: &apos;127.0.1.1&apos;, os.name: &apos;Linux&apos;, os.arch: &apos;amd64&apos;, os.version: &apos;5.13.0-48-generic&apos;, java.version: &apos;11.0.15&apos;
Driver info: org.openqa.selenium.chrome.ChromeDriver
Capabilities {acceptInsecureCerts: false, browserName: chrome, browserVersion: 101.0.4951.64, chrome: {chromedriverVersion: 101.0.4951.41 (93c720db8323..., userDataDir: /tmp/.com.google.Chrome.Q4IfKv}, goog:chromeOptions: {debuggerAddress: localhost:42445}, javascriptEnabled: true, networkConnectionEnabled: false, pageLoadStrategy: normal, platform: LINUX, platformName: LINUX, proxy: Proxy(), setWindowRect: true, strictFileInteractability: false, timeouts: {implicit: 0, pageLoad: 300000, script: 30000}, unhandledPromptBehavior: dismiss and notify, webauthn:extension:credBlob: true, webauthn:extension:largeBlob: true, webauthn:virtualAuthenticators: true}
Session ID: db8ce577cf5e7fa4cddfb3859fdd5328
	at org.openqa.selenium.remote.http.W3CHttpResponseCodec.createException(W3CHttpResponseCodec.java:187)
	at org.openqa.selenium.remote.http.W3CHttpResponseCodec.decode(W3CHttpResponseCodec.java:122)
	at org.openqa.selenium.remote.http.W3CHttpResponseCodec.decode(W3CHttpResponseCodec.java:49)
	at org.openqa.selenium.remote.HttpCommandExecutor.execute(HttpCommandExecutor.java:158)
	at org.openqa.selenium.remote.service.DriverCommandExecutor.execute(DriverCommandExecutor.java:83)
	at org.openqa.selenium.remote.RemoteWebDriver.execute(RemoteWebDriver.java:552)
	at org.openqa.selenium.remote.RemoteWebDriver.get(RemoteWebDriver.java:277)
	at com.ts.pageobject.Others.cowinLinkGenerationSearchCount(Others.java:560)
	at com.ts.testcases.TC_Others.cowinLinkGeneration(TC_Others.java:359)
... Removed 29 stack frames
</div> <!-- stack-trace -->
                </div> <!-- method-content -->
              </div> <!-- method -->
            </div> <!-- main-panel-content rounded-window-bottom -->
          </div> <!-- suite-Failed_suite_[Suite]-class-failed -->
          <div class="suite-Failed_suite_[Suite]-class-failed">
            <div class="main-panel-header rounded-window-top">
              <img src="failed.png"/>
              <span class="class-name">com.ts.testcases.TC_NID</span>
            </div> <!-- main-panel-header rounded-window-top -->
            <div class="main-panel-content rounded-window-bottom">
              <div class="method">
                <div class="method-content">
                  <a name="pannamedob">
                  </a> <!-- pannamedob -->
                  <span class="method-name">pannamedob</span>
                  <div class="stack-trace">org.openqa.selenium.WebDriverException: chrome not reachable
  (Session info: chrome=101.0.4951.64)
Build info: version: &apos;3.141.59&apos;, revision: &apos;e82be7d358&apos;, time: &apos;2018-11-14T08:17:03&apos;
System info: host: &apos;ARS-NBT-LAP-517&apos;, ip: &apos;127.0.1.1&apos;, os.name: &apos;Linux&apos;, os.arch: &apos;amd64&apos;, os.version: &apos;5.13.0-48-generic&apos;, java.version: &apos;11.0.15&apos;
Driver info: org.openqa.selenium.chrome.ChromeDriver
Capabilities {acceptInsecureCerts: false, browserName: chrome, browserVersion: 101.0.4951.64, chrome: {chromedriverVersion: 101.0.4951.41 (93c720db8323..., userDataDir: /tmp/.com.google.Chrome.Q4IfKv}, goog:chromeOptions: {debuggerAddress: localhost:42445}, javascriptEnabled: true, networkConnectionEnabled: false, pageLoadStrategy: normal, platform: LINUX, platformName: LINUX, proxy: Proxy(), setWindowRect: true, strictFileInteractability: false, timeouts: {implicit: 0, pageLoad: 300000, script: 30000}, unhandledPromptBehavior: dismiss and notify, webauthn:extension:credBlob: true, webauthn:extension:largeBlob: true, webauthn:virtualAuthenticators: true}
Session ID: db8ce577cf5e7fa4cddfb3859fdd5328
	at org.openqa.selenium.remote.http.W3CHttpResponseCodec.createException(W3CHttpResponseCodec.java:187)
	at org.openqa.selenium.remote.http.W3CHttpResponseCodec.decode(W3CHttpResponseCodec.java:122)
	at org.openqa.selenium.remote.http.W3CHttpResponseCodec.decode(W3CHttpResponseCodec.java:49)
	at org.openqa.selenium.remote.HttpCommandExecutor.execute(HttpCommandExecutor.java:158)
	at org.openqa.selenium.remote.service.DriverCommandExecutor.execute(DriverCommandExecutor.java:83)
	at org.openqa.selenium.remote.RemoteWebDriver.execute(RemoteWebDriver.java:552)
	at org.openqa.selenium.remote.RemoteWebDriver.get(RemoteWebDriver.java:277)
	at com.ts.pageobject.NID.getPanNameDOBSearchCount(NID.java:639)
	at com.ts.testcases.TC_NID.pannamedob(TC_NID.java:305)
... Removed 29 stack frames
</div> <!-- stack-trace -->
                </div> <!-- method-content -->
              </div> <!-- method -->
            </div> <!-- main-panel-content rounded-window-bottom -->
          </div> <!-- suite-Failed_suite_[Suite]-class-failed -->
          <div class="suite-Failed_suite_[Suite]-class-failed">
            <div class="main-panel-header rounded-window-top">
              <img src="failed.png"/>
              <span class="class-name">com.ts.testcases.TC_Business</span>
            </div> <!-- main-panel-header rounded-window-top -->
            <div class="main-panel-content rounded-window-bottom">
              <div class="method">
                <div class="method-content">
                  <a name="EsicemployerVerification">
                  </a> <!-- EsicemployerVerification -->
                  <span class="method-name">EsicemployerVerification</span>
                  <div class="stack-trace">org.openqa.selenium.WebDriverException: chrome not reachable
  (Session info: chrome=101.0.4951.64)
Build info: version: &apos;3.141.59&apos;, revision: &apos;e82be7d358&apos;, time: &apos;2018-11-14T08:17:03&apos;
System info: host: &apos;ARS-NBT-LAP-517&apos;, ip: &apos;127.0.1.1&apos;, os.name: &apos;Linux&apos;, os.arch: &apos;amd64&apos;, os.version: &apos;5.13.0-48-generic&apos;, java.version: &apos;11.0.15&apos;
Driver info: org.openqa.selenium.chrome.ChromeDriver
Capabilities {acceptInsecureCerts: false, browserName: chrome, browserVersion: 101.0.4951.64, chrome: {chromedriverVersion: 101.0.4951.41 (93c720db8323..., userDataDir: /tmp/.com.google.Chrome.Q4IfKv}, goog:chromeOptions: {debuggerAddress: localhost:42445}, javascriptEnabled: true, networkConnectionEnabled: false, pageLoadStrategy: normal, platform: LINUX, platformName: LINUX, proxy: Proxy(), setWindowRect: true, strictFileInteractability: false, timeouts: {implicit: 0, pageLoad: 300000, script: 30000}, unhandledPromptBehavior: dismiss and notify, webauthn:extension:credBlob: true, webauthn:extension:largeBlob: true, webauthn:virtualAuthenticators: true}
Session ID: db8ce577cf5e7fa4cddfb3859fdd5328
	at org.openqa.selenium.remote.http.W3CHttpResponseCodec.createException(W3CHttpResponseCodec.java:187)
	at org.openqa.selenium.remote.http.W3CHttpResponseCodec.decode(W3CHttpResponseCodec.java:122)
	at org.openqa.selenium.remote.http.W3CHttpResponseCodec.decode(W3CHttpResponseCodec.java:49)
	at org.openqa.selenium.remote.HttpCommandExecutor.execute(HttpCommandExecutor.java:158)
	at org.openqa.selenium.remote.service.DriverCommandExecutor.execute(DriverCommandExecutor.java:83)
	at org.openqa.selenium.remote.RemoteWebDriver.execute(RemoteWebDriver.java:552)
	at org.openqa.selenium.remote.RemoteWebDriver.get(RemoteWebDriver.java:277)
	at com.ts.pageobject.Business.getEsicEmployerVerificationSearchCount(Business.java:985)
	at com.ts.testcases.TC_Business.EsicemployerVerification(TC_Business.java:686)
... Removed 29 stack frames
</div> <!-- stack-trace -->
                </div> <!-- method-content -->
              </div> <!-- method -->
              <div class="method">
                <div class="method-content">
                  <a name="IECVerification">
                  </a> <!-- IECVerification -->
                  <span class="method-name">IECVerification</span>
                  <div class="stack-trace">org.openqa.selenium.WebDriverException: chrome not reachable
  (Session info: chrome=101.0.4951.64)
Build info: version: &apos;3.141.59&apos;, revision: &apos;e82be7d358&apos;, time: &apos;2018-11-14T08:17:03&apos;
System info: host: &apos;ARS-NBT-LAP-517&apos;, ip: &apos;127.0.1.1&apos;, os.name: &apos;Linux&apos;, os.arch: &apos;amd64&apos;, os.version: &apos;5.13.0-48-generic&apos;, java.version: &apos;11.0.15&apos;
Driver info: org.openqa.selenium.chrome.ChromeDriver
Capabilities {acceptInsecureCerts: false, browserName: chrome, browserVersion: 101.0.4951.64, chrome: {chromedriverVersion: 101.0.4951.41 (93c720db8323..., userDataDir: /tmp/.com.google.Chrome.Q4IfKv}, goog:chromeOptions: {debuggerAddress: localhost:42445}, javascriptEnabled: true, networkConnectionEnabled: false, pageLoadStrategy: normal, platform: LINUX, platformName: LINUX, proxy: Proxy(), setWindowRect: true, strictFileInteractability: false, timeouts: {implicit: 0, pageLoad: 300000, script: 30000}, unhandledPromptBehavior: dismiss and notify, webauthn:extension:credBlob: true, webauthn:extension:largeBlob: true, webauthn:virtualAuthenticators: true}
Session ID: db8ce577cf5e7fa4cddfb3859fdd5328
*** Element info: {Using=xpath, value=html/body/div[1]/div[2]/div/div[2]/div[1]/div/ul/li[3]/div[2]/div/div[2]/a}
	at org.openqa.selenium.remote.http.W3CHttpResponseCodec.createException(W3CHttpResponseCodec.java:187)
	at org.openqa.selenium.remote.http.W3CHttpResponseCodec.decode(W3CHttpResponseCodec.java:122)
	at org.openqa.selenium.remote.http.W3CHttpResponseCodec.decode(W3CHttpResponseCodec.java:49)
	at org.openqa.selenium.remote.HttpCommandExecutor.execute(HttpCommandExecutor.java:158)
	at org.openqa.selenium.remote.service.DriverCommandExecutor.execute(DriverCommandExecutor.java:83)
	at org.openqa.selenium.remote.RemoteWebDriver.execute(RemoteWebDriver.java:552)
	at org.openqa.selenium.remote.RemoteWebDriver.findElement(RemoteWebDriver.java:323)
	at org.openqa.selenium.remote.RemoteWebDriver.findElementByXPath(RemoteWebDriver.java:428)
	at org.openqa.selenium.By$ByXPath.findElement(By.java:353)
	at org.openqa.selenium.remote.RemoteWebDriver.findElement(RemoteWebDriver.java:315)
	at org.openqa.selenium.support.pagefactory.DefaultElementLocator.findElement(DefaultElementLocator.java:69)
	at org.openqa.selenium.support.pagefactory.internal.LocatingElementHandler.invoke(LocatingElementHandler.java:38)
	at com.sun.proxy.$Proxy15.isDisplayed(Unknown Source)
	at org.openqa.selenium.support.ui.ExpectedConditions.elementIfVisible(ExpectedConditions.java:314)
	at org.openqa.selenium.support.ui.ExpectedConditions.access$000(ExpectedConditions.java:43)
	at org.openqa.selenium.support.ui.ExpectedConditions$10.apply(ExpectedConditions.java:300)
	at org.openqa.selenium.support.ui.ExpectedConditions$10.apply(ExpectedConditions.java:297)
	at org.openqa.selenium.support.ui.FluentWait.until(FluentWait.java:249)
	at com.ts.pageobject.Business.getIECVerificationSearchCount(Business.java:737)
	at com.ts.testcases.TC_Business.IECVerification(TC_Business.java:407)
... Removed 29 stack frames
</div> <!-- stack-trace -->
                </div> <!-- method-content -->
              </div> <!-- method -->
            </div> <!-- main-panel-content rounded-window-bottom -->
          </div> <!-- suite-Failed_suite_[Suite]-class-failed -->
        </div> <!-- panel Failed_suite_[Suite] -->
        <div panel-name="test-xml-Failed_suite_[Suite]" class="panel">
          <div class="main-panel-header rounded-window-top">
            <span class="header-content">/home/rohit.singh/git/repository1/truth_screen/target/surefire-reports/testng-failed.xml</span>
          </div> <!-- main-panel-header rounded-window-top -->
          <div class="main-panel-content rounded-window-bottom">
            <pre>
&lt;?xml version=&quot;1.0&quot; encoding=&quot;UTF-8&quot;?&gt;
&lt;!DOCTYPE suite SYSTEM &quot;http://testng.org/testng-1.0.dtd&quot;&gt;
&lt;suite name=&quot;Failed suite [Suite]&quot; guice-stage=&quot;DEVELOPMENT&quot; verbose=&quot;0&quot;&gt;
  &lt;listeners&gt;
    &lt;listener class-name=&quot;com.ts.Reporting&quot;/&gt;
  &lt;/listeners&gt;
  &lt;test thread-count=&quot;5&quot; name=&quot;Test(failed)&quot; verbose=&quot;0&quot;&gt;
    &lt;parameter name=&quot;browser&quot; value=&quot;chrome&quot;/&gt;
    &lt;classes&gt;
      &lt;class name=&quot;com.ts.testcases.TC_Business&quot;&gt;
        &lt;methods&gt;
          &lt;include name=&quot;setup&quot;/&gt;
          &lt;include name=&quot;tearDown&quot;/&gt;
          &lt;include name=&quot;IECVerification&quot;/&gt;
          &lt;include name=&quot;EsicemployerVerification&quot;/&gt;
        &lt;/methods&gt;
      &lt;/class&gt; &lt;!-- com.ts.testcases.TC_Business --&gt;
      &lt;class name=&quot;com.ts.testcases.TC_NID&quot;&gt;
        &lt;methods&gt;
          &lt;include name=&quot;setup&quot;/&gt;
          &lt;include name=&quot;pannamedob&quot;/&gt;
          &lt;include name=&quot;tearDown&quot;/&gt;
        &lt;/methods&gt;
      &lt;/class&gt; &lt;!-- com.ts.testcases.TC_NID --&gt;
      &lt;class name=&quot;com.ts.testcases.TC_Others&quot;&gt;
        &lt;methods&gt;
          &lt;include name=&quot;setup&quot;/&gt;
          &lt;include name=&quot;cowinLinkGeneration&quot;/&gt;
          &lt;include name=&quot;tearDown&quot;/&gt;
        &lt;/methods&gt;
      &lt;/class&gt; &lt;!-- com.ts.testcases.TC_Others --&gt;
      &lt;class name=&quot;com.ts.testcases.TC_Employment&quot;&gt;
        &lt;methods&gt;
          &lt;include name=&quot;setup&quot;/&gt;
          &lt;include name=&quot;Form16_Verification&quot;/&gt;
          &lt;include name=&quot;tearDown&quot;/&gt;
        &lt;/methods&gt;
      &lt;/class&gt; &lt;!-- com.ts.testcases.TC_Employment --&gt;
    &lt;/classes&gt;
  &lt;/test&gt; &lt;!-- Test(failed) --&gt;
&lt;/suite&gt; &lt;!-- Failed suite [Suite] --&gt;
            </pre>
          </div> <!-- main-panel-content rounded-window-bottom -->
        </div> <!-- panel -->
        <div panel-name="testlist-Failed_suite_[Suite]" class="panel">
          <div class="main-panel-header rounded-window-top">
            <span class="header-content">Tests for Failed suite [Suite]</span>
          </div> <!-- main-panel-header rounded-window-top -->
          <div class="main-panel-content rounded-window-bottom">
            <ul>
              <li>
                <span class="test-name">Test(failed) (4 classes)</span>
              </li>
            </ul>
          </div> <!-- main-panel-content rounded-window-bottom -->
        </div> <!-- panel -->
        <div panel-name="group-Failed_suite_[Suite]" class="panel">
          <div class="main-panel-header rounded-window-top">
            <span class="header-content">Groups for Failed suite [Suite]</span>
          </div> <!-- main-panel-header rounded-window-top -->
          <div class="main-panel-content rounded-window-bottom">
          </div> <!-- main-panel-content rounded-window-bottom -->
        </div> <!-- panel -->
        <div panel-name="times-Failed_suite_[Suite]" class="panel">
          <div class="main-panel-header rounded-window-top">
            <span class="header-content">Times for Failed suite [Suite]</span>
          </div> <!-- main-panel-header rounded-window-top -->
          <div class="main-panel-content rounded-window-bottom">
            <div class="times-div">
              <script type="text/javascript">
suiteTableInitFunctions.push('tableData_Failed_suite_[Suite]');
function tableData_Failed_suite_[Suite]() {
var data = new google.visualization.DataTable();
data.addColumn('number', 'Number');
data.addColumn('string', 'Method');
data.addColumn('string', 'Class');
data.addColumn('number', 'Time (ms)');
data.addRows(5);
data.setCell(0, 0, 0)
data.setCell(0, 1, 'IECVerification')
data.setCell(0, 2, 'com.ts.testcases.TC_Business')
data.setCell(0, 3, 13800);
data.setCell(1, 0, 1)
data.setCell(1, 1, 'Form16_Verification')
data.setCell(1, 2, 'com.ts.testcases.TC_Employment')
data.setCell(1, 3, 21);
data.setCell(2, 0, 2)
data.setCell(2, 1, 'cowinLinkGeneration')
data.setCell(2, 2, 'com.ts.testcases.TC_Others')
data.setCell(2, 3, 21);
data.setCell(3, 0, 3)
data.setCell(3, 1, 'EsicemployerVerification')
data.setCell(3, 2, 'com.ts.testcases.TC_Business')
data.setCell(3, 3, 17);
data.setCell(4, 0, 4)
data.setCell(4, 1, 'pannamedob')
data.setCell(4, 2, 'com.ts.testcases.TC_NID')
data.setCell(4, 3, 12);
window.suiteTableData['Failed_suite_[Suite]']= { tableData: data, tableDiv: 'times-div-Failed_suite_[Suite]'}
return data;
}
              </script>
              <span class="suite-total-time">Total running time: 13 seconds</span>
              <div id="times-div-Failed_suite_[Suite]">
              </div> <!-- times-div-Failed_suite_[Suite] -->
            </div> <!-- times-div -->
          </div> <!-- main-panel-content rounded-window-bottom -->
        </div> <!-- panel -->
        <div panel-name="reporter-Failed_suite_[Suite]" class="panel">
          <div class="main-panel-header rounded-window-top">
            <span class="header-content">Reporter output for Failed suite [Suite]</span>
          </div> <!-- main-panel-header rounded-window-top -->
          <div class="main-panel-content rounded-window-bottom">
          </div> <!-- main-panel-content rounded-window-bottom -->
        </div> <!-- panel -->
        <div panel-name="ignored-methods-Failed_suite_[Suite]" class="panel">
          <div class="main-panel-header rounded-window-top">
            <span class="header-content">70 ignored methods</span>
          </div> <!-- main-panel-header rounded-window-top -->
          <div class="main-panel-content rounded-window-bottom">
            <div class="ignored-class-div">
              <span class="ignored-class-name">com.ts.testcases.TC_Employment</span>
              <div class="ignored-methods-div">
                <span class="ignored-method-name">basicUANVerification</span>
                <br/>
                <span class="ignored-method-name">EpfoEmployerSearchVerification</span>
                <br/>
                <span class="ignored-method-name">EpfoEmployeeVerification</span>
                <br/>
                <span class="ignored-method-name">EmployerDefaultCheckVerification</span>
                <br/>
                <span class="ignored-method-name">epfoCheckVerification</span>
                <br/>
                <span class="ignored-method-name">tearDown</span>
                <br/>
                <span class="ignored-method-name">ITRChallan_TANbased_Verification</span>
                <br/>
                <span class="ignored-method-name">setup</span>
                <br/>
                <span class="ignored-method-name">PAN_TAN_Verification</span>
                <br/>
                <span class="ignored-method-name">Itrstaus_Verification</span>
                <br/>
                <span class="ignored-method-name">BgvEmploymentCheckVerification</span>
                <br/>
                <span class="ignored-method-name">Salary_Verification</span>
                <br/>
                <span class="ignored-method-name">DualEmploymentCheckVerification</span>
                <br/>
              </div> <!-- ignored-methods-div -->
            </div> <!-- ignored-class-div -->
            <div class="ignored-class-div">
              <span class="ignored-class-name">com.ts.testcases.TC_Others</span>
              <div class="ignored-methods-div">
                <span class="ignored-method-name">LivenessVerification</span>
                <br/>
                <span class="ignored-method-name">AdvanceEMailVerification</span>
                <br/>
                <span class="ignored-method-name">Court_CheckVerification</span>
                <br/>
                <span class="ignored-method-name">PEPverification</span>
                <br/>
                <span class="ignored-method-name">tearDown</span>
                <br/>
                <span class="ignored-method-name">EmployementCheckEPFOverification</span>
                <br/>
                <span class="ignored-method-name">ComprehensiveEmailverification</span>
                <br/>
                <span class="ignored-method-name">AdvNameAddressMatch</span>
                <br/>
                <span class="ignored-method-name">NameMatch</span>
                <br/>
                <span class="ignored-method-name">EMail</span>
                <br/>
                <span class="ignored-method-name">setup</span>
                <br/>
                <span class="ignored-method-name">basicEmailVerification</span>
                <br/>
                <span class="ignored-method-name">Email_PhoneVerification</span>
                <br/>
                <span class="ignored-method-name">DocumentClassification</span>
                <br/>
                <span class="ignored-method-name">FaceMatch</span>
                <br/>
              </div> <!-- ignored-methods-div -->
            </div> <!-- ignored-class-div -->
            <div class="ignored-class-div">
              <span class="ignored-class-name">com.ts.testcases.TC_Business</span>
              <div class="ignored-methods-div">
                <span class="ignored-method-name">FssaiVerification</span>
                <br/>
                <span class="ignored-method-name">UdyamVerification</span>
                <br/>
                <span class="ignored-method-name">GSTBasisPANVerification</span>
                <br/>
                <span class="ignored-method-name">ComprehensiveGstAdvancedVerification</span>
                <br/>
                <span class="ignored-method-name">GSTINVerification</span>
                <br/>
                <span class="ignored-method-name">GSTIN_PANVerification</span>
                <br/>
                <span class="ignored-method-name">gstViewAndTrackReturnVerification</span>
                <br/>
                <span class="ignored-method-name">DruglicenseVerification</span>
                <br/>
                <span class="ignored-method-name">StreetVendorVerification</span>
                <br/>
                <span class="ignored-method-name">GSTINTaxPayerVerification</span>
                <br/>
                <span class="ignored-method-name">ShopNEstablishementVerification</span>
                <br/>
                <span class="ignored-method-name">DINverification</span>
                <br/>
                <span class="ignored-method-name">CGSTVerification</span>
                <br/>
                <span class="ignored-method-name">CompanySearchVerification</span>
                <br/>
                <span class="ignored-method-name">ServiceTaxVerification</span>
                <br/>
                <span class="ignored-method-name">CreditRatingVerification</span>
                <br/>
                <span class="ignored-method-name">CINVerification</span>
                <br/>
                <span class="ignored-method-name">IndtypeVerification</span>
                <br/>
                <span class="ignored-method-name">PanDirectorVerification</span>
                <br/>
                <span class="ignored-method-name">GSTRreturnVerification</span>
                <br/>
                <span class="ignored-method-name">TINVerification</span>
                <br/>
                <span class="ignored-method-name">ESICVerification</span>
                <br/>
                <span class="ignored-method-name">UdyogAdharVerification</span>
                <br/>
                <span class="ignored-method-name">UdyogAadhaarUsingPhoneVerification</span>
                <br/>
                <span class="ignored-method-name">GSTPANVerification</span>
                <br/>
              </div> <!-- ignored-methods-div -->
            </div> <!-- ignored-class-div -->
            <div class="ignored-class-div">
              <span class="ignored-class-name">com.ts.testcases.TC_NID</span>
              <div class="ignored-methods-div">
                <span class="ignored-method-name">DLVerification</span>
                <br/>
                <span class="ignored-method-name">PANVerification</span>
                <br/>
                <span class="ignored-method-name">passportfile</span>
                <br/>
                <span class="ignored-method-name">Eaadharverification</span>
                <br/>
                <span class="ignored-method-name">tearDown</span>
                <br/>
                <span class="ignored-method-name">PanNameVerification</span>
                <br/>
                <span class="ignored-method-name">AdhaarMasking</span>
                <br/>
                <span class="ignored-method-name">PassportVerification</span>
                <br/>
                <span class="ignored-method-name">panaadhar</span>
                <br/>
                <span class="ignored-method-name">AadharVerification</span>
                <br/>
                <span class="ignored-method-name">EPFOEmployerAdvanceVerification</span>
                <br/>
                <span class="ignored-method-name">VoterIdverification</span>
                <br/>
                <span class="ignored-method-name">setup</span>
                <br/>
                <span class="ignored-method-name">ckycVerify</span>
                <br/>
                <span class="ignored-method-name">AdvancePANVerification</span>
                <br/>
                <span class="ignored-method-name">NurseVerification</span>
                <br/>
                <span class="ignored-method-name">PanITDVerification</span>
                <br/>
              </div> <!-- ignored-methods-div -->
            </div> <!-- ignored-class-div -->
          </div> <!-- main-panel-content rounded-window-bottom -->
        </div> <!-- panel -->
        <div panel-name="chronological-Failed_suite_[Suite]" class="panel">
          <div class="main-panel-header rounded-window-top">
            <span class="header-content">Methods in chronological order</span>
          </div> <!-- main-panel-header rounded-window-top -->
          <div class="main-panel-content rounded-window-bottom">
            <div class="chronological-class">
              <div class="chronological-class-name">com.ts.testcases.TC_Business</div> <!-- chronological-class-name -->
              <div class="configuration-test before">
                <span class="method-name">setup(chrome)</span>
                <span class="method-start">0 ms</span>
              </div> <!-- configuration-test before -->
              <div class="test-method">
                <img src="failed.png">
                </img>
                <span class="method-name">IECVerification</span>
                <span class="method-start">3040 ms</span>
              </div> <!-- test-method -->
              <div class="test-method">
                <img src="failed.png">
                </img>
                <span class="method-name">EsicemployerVerification</span>
                <span class="method-start">16856 ms</span>
              </div> <!-- test-method -->
            </div> <!-- chronological-class -->
            <div class="chronological-class">
              <div class="chronological-class-name">com.ts.testcases.TC_NID</div> <!-- chronological-class-name -->
              <div class="test-method">
                <img src="failed.png">
                </img>
                <span class="method-name">pannamedob</span>
                <span class="method-start">16877 ms</span>
              </div> <!-- test-method -->
            </div> <!-- chronological-class -->
            <div class="chronological-class">
              <div class="chronological-class-name">com.ts.testcases.TC_Others</div> <!-- chronological-class-name -->
              <div class="test-method">
                <img src="failed.png">
                </img>
                <span class="method-name">cowinLinkGeneration</span>
                <span class="method-start">16894 ms</span>
              </div> <!-- test-method -->
            </div> <!-- chronological-class -->
            <div class="chronological-class">
              <div class="chronological-class-name">com.ts.testcases.TC_Employment</div> <!-- chronological-class-name -->
              <div class="test-method">
                <img src="failed.png">
                </img>
                <span class="method-name">Form16_Verification</span>
                <span class="method-start">16918 ms</span>
              </div> <!-- test-method -->
            </div> <!-- chronological-class -->
            <div class="chronological-class">
              <div class="chronological-class-name">com.ts.testcases.TC_Business</div> <!-- chronological-class-name -->
              <div class="configuration-test after">
                <span class="method-name">tearDown</span>
                <span class="method-start">16942 ms</span>
              </div> <!-- configuration-test after -->
          </div> <!-- main-panel-content rounded-window-bottom -->
        </div> <!-- panel -->
      </div> <!-- main-panel-root -->
    </div> <!-- wrapper -->
  </body>
</html>
